<?xml version="1.0" encoding="UTF-8"?>
<testng-results skipped="0" failed="0" ignored="0" total="2" passed="2">
  <reporter-output>
  </reporter-output>
  <suite name="All Test Suite" duration-ms="51998" started-at="2025-01-31T00:05:52 IST" finished-at="2025-01-31T00:06:44 IST">
    <groups>
    </groups>
    <test name="D:/javapro/OrangeHRM" duration-ms="51998" started-at="2025-01-31T00:05:52 IST" finished-at="2025-01-31T00:06:44 IST">
      <class name="test.AddNewEmployeeTest">
        <test-method status="PASS" signature="setup()[pri:0, instance:test.AddNewEmployeeTest@7fac631b]" name="setup" is-config="true" duration-ms="6359" started-at="2025-01-31T00:06:09 IST" finished-at="2025-01-31T00:06:15 IST">
          <reporter-output>
          </reporter-output>
        </test-method> <!-- setup -->
        <test-method status="PASS" signature="InsertNewEmployee()[pri:0, instance:test.AddNewEmployeeTest@7fac631b]" name="InsertNewEmployee" duration-ms="28009" started-at="2025-01-31T00:06:15 IST" finished-at="2025-01-31T00:06:43 IST">
          <reporter-output>
          </reporter-output>
        </test-method> <!-- InsertNewEmployee -->
        <test-method status="PASS" signature="QuitBrowser()[pri:0, instance:test.AddNewEmployeeTest@7fac631b]" name="QuitBrowser" is-config="true" duration-ms="1173" started-at="2025-01-31T00:06:43 IST" finished-at="2025-01-31T00:06:44 IST">
          <reporter-output>
          </reporter-output>
        </test-method> <!-- QuitBrowser -->
      </class> <!-- test.AddNewEmployeeTest -->
      <class name="test.LoginTest">
        <test-method status="PASS" signature="setup()[pri:0, instance:test.LoginTest@78c03f1f]" name="setup" is-config="true" duration-ms="8158" started-at="2025-01-31T00:05:52 IST" finished-at="2025-01-31T00:06:00 IST">
          <reporter-output>
          </reporter-output>
        </test-method> <!-- setup -->
        <test-method status="PASS" signature="Login()[pri:0, instance:test.LoginTest@78c03f1f]" name="Login" duration-ms="7195" started-at="2025-01-31T00:06:00 IST" finished-at="2025-01-31T00:06:08 IST">
          <reporter-output>
          </reporter-output>
        </test-method> <!-- Login -->
        <test-method status="PASS" signature="QuitBrowser()[pri:0, instance:test.LoginTest@78c03f1f]" name="QuitBrowser" is-config="true" duration-ms="1044" started-at="2025-01-31T00:06:08 IST" finished-at="2025-01-31T00:06:09 IST">
          <reporter-output>
          </reporter-output>
        </test-method> <!-- QuitBrowser -->
      </class> <!-- test.LoginTest -->
    </test> <!-- D:/javapro/OrangeHRM -->
  </suite> <!-- All Test Suite -->
</testng-results>
