<?xml version="1.0" encoding="UTF-8"?>
<testng-results skipped="0" failed="0" ignored="0" total="1" passed="1">
  <reporter-output>
  </reporter-output>
  <suite name="All Test Suite" duration-ms="39618" started-at="2024-04-21T17:13:01 IST" finished-at="2024-04-21T17:13:40 IST">
    <groups>
    </groups>
    <test name="D:/javapro/OrangeHRM" duration-ms="39618" started-at="2024-04-21T17:13:01 IST" finished-at="2024-04-21T17:13:40 IST">
      <class name="test.EditEmployee">
        <test-method status="PASS" signature="setup()[pri:0, instance:test.EditEmployee@3327bd23]" name="setup" is-config="true" duration-ms="9871" started-at="2024-04-21T17:13:01 IST" finished-at="2024-04-21T17:13:11 IST">
          <reporter-output>
          </reporter-output>
        </test-method> <!-- setup -->
        <test-method status="PASS" signature="editEmployeeData()[pri:0, instance:test.EditEmployee@3327bd23]" name="editEmployeeData" duration-ms="28565" started-at="2024-04-21T17:13:11 IST" finished-at="2024-04-21T17:13:39 IST">
          <reporter-output>
          </reporter-output>
        </test-method> <!-- editEmployeeData -->
        <test-method status="PASS" signature="QuitBrowser()[pri:0, instance:test.EditEmployee@3327bd23]" name="QuitBrowser" is-config="true" duration-ms="1144" started-at="2024-04-21T17:13:39 IST" finished-at="2024-04-21T17:13:40 IST">
          <reporter-output>
          </reporter-output>
        </test-method> <!-- QuitBrowser -->
      </class> <!-- test.EditEmployee -->
    </test> <!-- D:/javapro/OrangeHRM -->
  </suite> <!-- All Test Suite -->
</testng-results>
